<?xml version="1.0" encoding="UTF-8"?>
<!-- Generated by org.testng.reporters.JUnitXMLReporter -->
<testsuite ignored="0" hostname="DESKTOP-7114NCB" failures="0" tests="3" name="GroupTest" time="22.824" errors="0" timestamp="2023-05-29T14:46:12 IST">
  <testcase classname="com.Ecommerce.BrinytimeLogin.AddToCartTest" name="addproductToCart" time="2.312"/>
  <testcase classname="com.Ecommerce.BrinytimeLogin.TrackOrderTest" name="trackOrder" time="2.437"/>
  <testcase classname="com.Ecommerce.BrinytimeLogin.RemoveProductFromCartTest" name="removeProductFromCart" time="2.703"/>
</testsuite> <!-- GroupTest -->
