<?xml version="1.0" encoding="UTF-8"?>
<!-- Generated by org.testng.reporters.JUnitXMLReporter -->
<testsuite ignored="0" hostname="DESKTOP-7114NCB" failures="0" tests="3" name="Parallel" time="19.071" errors="0" timestamp="2023-05-29T11:43:00 IST">
  <testcase classname="com.Ecommerce.BrinytimeLogin.AddToCartTest" name="addproductToCart" time="5.352"/>
  <testcase classname="com.Ecommerce.BrinytimeLogin.RemoveProductFromCartTest" name="removeProductFromCart" time="6.533"/>
  <testcase classname="com.Ecommerce.BrinytimeLogin.TrackOrderTest" name="trackOrder" time="6.978"/>
</testsuite> <!-- Parallel -->
